#
# A fatal error has been detected by the Java Runtime Environment:
#
#  SIGSEGV (0xb) at pc=0xb6f525fa, pid=4497, tid=2086136688
#
# JRE version: 6.0_32-b05
# Java VM: Java HotSpot(TM) Server VM (20.7-b02 mixed mode linux-x86 )
# Problematic frame:
# V  [libjvm.so+0x3e25fa]  java_lang_String::utf8_length(oopDesc*)+0x3a
#
# If you would like to submit a bug report, please visit:
#   http://java.sun.com/webapps/bugreport/crash.jsp
#

---------------  T H R E A D  ---------------

Current thread (0xb6a9d400):  JavaThread "JDWP Transport Listener: dt_socket" daemon [_thread_in_vm, id=4511, stack(0x7c52e000,0x7c57f000)]

siginfo:si_signo=SIGSEGV: si_errno=0, si_code=1 (SEGV_MAPERR), si_addr=0x00000004

Registers:
EAX=0xb737b8c8, EBX=0xb7372bc8, ECX=0x00000010, EDX=0xa29024f8
ESP=0x7c57dc50, EBP=0x7c57dc68, ESI=0x00000000, EDI=0x00000000
EIP=0xb6f525fa, EFLAGS=0x00210206, CR2=0x00000004

Top of Stack: (sp=0x7c57dc50)
0x7c57dc50:   b6a9d400 00000000 b6f525cb b7372bc8
0x7c57dc60:   b6a9d400 a29024f8 7c57dcd8 b6f7b148
0x7c57dc70:   a29024f8 00000000 00000008 b6f7b089
0x7c57dc80:   b6a9d400 0849ec00 b6a9d520 7c57dc90
0x7c57dc90:   b6a9d400 00000000 7c57dcd8 b69ce0c9
0x7c57dca0:   b6a9d400 00000001 b6a4faec b69da438
0x7c57dcb0:   b6a9d400 7c57dea0 7c57dcd8 b69bd23c
0x7c57dcc0:   0849ff2c 7c57dea0 00000000 b69da438 

Instructions: (pc=0xb6f525fa)
0xb6f525da:   00 8b 55 08 8b 30 8b 83 a0 12 00 00 8d 3c 16 8b
0xb6f525ea:   37 8b 38 8d 04 17 8b 38 8b 83 c0 21 00 00 8b 08
0xb6f525fa:   8b 46 04 01 ca 83 c0 08 8b 0a 80 78 05 05 74 0a
0xb6f5260a:   89 c8 8d 65 f4 5b 5e 5f 5d c3 85 c9 8d 54 7e 0c 

Register to memory mapping:

EAX=0xb737b8c8: <offset 0x80b8c8> in /opt/jdk1.6.0_32/jre/lib/i386/server/libjvm.so at 0xb6b70000
EBX=0xb7372bc8: <offset 0x802bc8> in /opt/jdk1.6.0_32/jre/lib/i386/server/libjvm.so at 0xb6b70000
ECX=0x00000010 is an unknown value
EDX=0xa29024f8 is an oop
java.lang.String 
 - klass: 'java/lang/String'
ESP=0x7c57dc50 is pointing into the stack for thread: 0xb6a9d400
EBP=0x7c57dc68 is pointing into the stack for thread: 0xb6a9d400
ESI=0x00000000 is an unknown value
EDI=0x00000000 is an unknown value


Stack: [0x7c52e000,0x7c57f000],  sp=0x7c57dc50,  free space=319k
Native frames: (J=compiled Java code, j=interpreted, Vv=VM code, C=native code)
V  [libjvm.so+0x3e25fa]  java_lang_String::utf8_length(oopDesc*)+0x3a
V  [libjvm.so+0x40b148]  unsigned+0xd8
C  [libjdwp.so+0x9de1]  void+0x91
C  [libjdwp.so+0x13143]  double+0x233
C  [libjdwp.so+0x27fd5]  char+0x75
C  [libjdwp.so+0x282d3]  signed char+0x33
V  [libjvm.so+0x4f9589]  JvmtiAgentThread::start_function_wrapper(JavaThread*, Thread*)+0x79
V  [libjvm.so+0x6e27bf]  JavaThread::run()+0x11f
V  [libjvm.so+0x5e3bde]  java_start(Thread*)+0x14e
C  [libpthread.so.0+0x6919]  signed char+0x6919


---------------  P R O C E S S  ---------------

Java Threads: ( => current thread )
  0xb6aaec00 JavaThread "Low Memory Detector" daemon [_thread_blocked, id=4521, stack(0x7bf1d000,0x7bf6e000)]
  0xb6aa3800 JavaThread "C2 CompilerThread1" daemon [_thread_blocked, id=4519, stack(0x7bf6e000,0x7bfef000)]
  0xb6aa1800 JavaThread "C2 CompilerThread0" daemon [_thread_blocked, id=4518, stack(0x7bfef000,0x7c070000)]
  0x0849d400 JavaThread "JDWP Command Reader" daemon [_thread_in_native, id=4514, stack(0x7c070000,0x7c0c1000)]
  0xb6a9fc00 JavaThread "JDWP Event Helper Thread" daemon [_thread_blocked, id=4513, stack(0x7c0c1000,0x7c112000)]
=>0xb6a9d400 JavaThread "JDWP Transport Listener: dt_socket" daemon [_thread_in_vm, id=4511, stack(0x7c52e000,0x7c57f000)]
  0xb6a95000 JavaThread "Signal Dispatcher" daemon [_thread_blocked, id=4509, stack(0x7c718000,0x7c769000)]
  0xb6a87000 JavaThread "Finalizer" daemon [_thread_blocked, id=4508, stack(0x7c112000,0x7c163000)]
  0xb6a85c00 JavaThread "Reference Handler" daemon [_thread_blocked, id=4507, stack(0x7c163000,0x7c1b4000)]
  0xb6a06400 JavaThread "main" [_thread_blocked, id=4500, stack(0xb6b1f000,0xb6b70000)]

Other Threads:
  0xb6a82000 VMThread [stack: 0x7c1b4000,0x7c235000] [id=4506]
  0xb6ab0800 WatcherThread [stack: 0x7be9c000,0x7bf1d000] [id=4522]

VM state:not at safepoint (normal execution)

VM Mutex/Monitor currently owned by a thread: None

Heap
 PSYoungGen      total 15168K, used 1044K [0xa2830000, 0xa3910000, 0xb36d0000)
  eden space 13056K, 8% used [0xa2830000,0xa2935328,0xa34f0000)
  from space 2112K, 0% used [0xa3700000,0xa3700000,0xa3910000)
  to   space 2112K, 0% used [0xa34f0000,0xa34f0000,0xa3700000)
 PSOldGen        total 34624K, used 0K [0x80ad0000, 0x82ca0000, 0xa2830000)
  object space 34624K, 0% used [0x80ad0000,0x80ad0000,0x82ca0000)
 PSPermGen       total 16384K, used 1831K [0x7cad0000, 0x7dad0000, 0x80ad0000)
  object space 16384K, 11% used [0x7cad0000,0x7cc99d68,0x7dad0000)

Code Cache  [0xb3792000, 0xb39d2000, 0xb6792000)
 total_blobs=83 nmethods=0 adapters=59 free_code_cache=50040832 largest_free_block=0

Dynamic libraries:
003a1000-003b8000 r-xp 00000000 08:03 545191     /lib/libnsl-2.12.2.so
003b8000-003b9000 r-xp 00016000 08:03 545191     /lib/libnsl-2.12.2.so
003b9000-003ba000 rwxp 00017000 08:03 545191     /lib/libnsl-2.12.2.so
003ba000-003bc000 rwxp 00000000 00:00 0 
00532000-00550000 r-xp 00000000 08:03 545183     /lib/ld-2.12.2.so
00550000-00551000 r-xp 0001d000 08:03 545183     /lib/ld-2.12.2.so
00551000-00552000 rwxp 0001e000 08:03 545183     /lib/ld-2.12.2.so
00554000-006d8000 r-xp 00000000 08:03 545186     /lib/libc-2.12.2.so
006d8000-006d9000 ---p 00184000 08:03 545186     /lib/libc-2.12.2.so
006d9000-006db000 r-xp 00184000 08:03 545186     /lib/libc-2.12.2.so
006db000-006dc000 rwxp 00186000 08:03 545186     /lib/libc-2.12.2.so
006dc000-006df000 rwxp 00000000 00:00 0 
006e1000-00709000 r-xp 00000000 08:03 545190     /lib/libm-2.12.2.so
00709000-0070a000 r-xp 00027000 08:03 545190     /lib/libm-2.12.2.so
0070a000-0070b000 rwxp 00028000 08:03 545190     /lib/libm-2.12.2.so
0070d000-00724000 r-xp 00000000 08:03 545198     /lib/libpthread-2.12.2.so
00724000-00725000 r-xp 00016000 08:03 545198     /lib/libpthread-2.12.2.so
00725000-00726000 rwxp 00017000 08:03 545198     /lib/libpthread-2.12.2.so
00726000-00728000 rwxp 00000000 00:00 0 
0072a000-0072d000 r-xp 00000000 08:03 545189     /lib/libdl-2.12.2.so
0072d000-0072e000 r-xp 00002000 08:03 545189     /lib/libdl-2.12.2.so
0072e000-0072f000 rwxp 00003000 08:03 545189     /lib/libdl-2.12.2.so
00746000-0074d000 r-xp 00000000 08:03 545200     /lib/librt-2.12.2.so
0074d000-0074e000 r-xp 00006000 08:03 545200     /lib/librt-2.12.2.so
0074e000-0074f000 rwxp 00007000 08:03 545200     /lib/librt-2.12.2.so
00a4b000-00a60000 r-xp 00000000 08:03 545199     /lib/libresolv-2.12.2.so
00a60000-00a61000 r-xp 00014000 08:03 545199     /lib/libresolv-2.12.2.so
00a61000-00a62000 rwxp 00015000 08:03 545199     /lib/libresolv-2.12.2.so
00a62000-00a64000 rwxp 00000000 00:00 0 
08048000-08052000 r-xp 00000000 08:03 546540     /opt/jdk1.6.0_32/bin/java
08052000-08053000 rwxp 00009000 08:03 546540     /opt/jdk1.6.0_32/bin/java
0849c000-084c4000 rwxp 00000000 00:00 0          [heap]
7be9c000-7be9d000 ---p 00000000 00:00 0 
7be9d000-7bf1d000 rwxp 00000000 00:00 0 
7bf1d000-7bf20000 ---p 00000000 00:00 0 
7bf20000-7bf6e000 rwxp 00000000 00:00 0 
7bf6e000-7bf71000 ---p 00000000 00:00 0 
7bf71000-7bfef000 rwxp 00000000 00:00 0 
7bfef000-7bff2000 ---p 00000000 00:00 0 
7bff2000-7c070000 rwxp 00000000 00:00 0 
7c070000-7c073000 ---p 00000000 00:00 0 
7c073000-7c0c1000 rwxp 00000000 00:00 0 
7c0c1000-7c0c4000 ---p 00000000 00:00 0 
7c0c4000-7c112000 rwxp 00000000 00:00 0 
7c112000-7c115000 ---p 00000000 00:00 0 
7c115000-7c163000 rwxp 00000000 00:00 0 
7c163000-7c166000 ---p 00000000 00:00 0 
7c166000-7c1b4000 rwxp 00000000 00:00 0 
7c1b4000-7c1b5000 ---p 00000000 00:00 0 
7c1b5000-7c269000 rwxp 00000000 00:00 0 
7c269000-7c400000 r-xs 03079000 08:03 546017     /opt/jdk1.6.0_32/jre/lib/rt.jar
7c400000-7c421000 rwxp 00000000 00:00 0 
7c421000-7c500000 ---p 00000000 00:00 0 
7c52e000-7c531000 ---p 00000000 00:00 0 
7c531000-7c57f000 rwxp 00000000 00:00 0 
7c57f000-7c580000 ---p 00000000 00:00 0 
7c580000-7c600000 rwxp 00000000 00:00 0 
7c600000-7c621000 rwxp 00000000 00:00 0 
7c621000-7c700000 ---p 00000000 00:00 0 
7c711000-7c716000 r-xp 00000000 08:03 545193     /lib/libnss_dns-2.12.2.so
7c716000-7c717000 r-xp 00004000 08:03 545193     /lib/libnss_dns-2.12.2.so
7c717000-7c718000 rwxp 00005000 08:03 545193     /lib/libnss_dns-2.12.2.so
7c718000-7c71b000 ---p 00000000 00:00 0 
7c71b000-7c769000 rwxp 00000000 00:00 0 
7c769000-7c76a000 ---p 00000000 00:00 0 
7c76a000-7c7f2000 rwxp 00000000 00:00 0 
7c7f2000-7c80a000 rwxp 00000000 00:00 0 
7c80a000-7c81b000 rwxp 00000000 00:00 0 
7c81b000-7c919000 rwxp 00000000 00:00 0 
7c919000-7c921000 rwxp 00000000 00:00 0 
7c921000-7c939000 rwxp 00000000 00:00 0 
7c939000-7c94a000 rwxp 00000000 00:00 0 
7c94a000-7ca47000 rwxp 00000000 00:00 0 
7ca47000-7ca51000 rwxp 00000000 00:00 0 
7ca51000-7cacf000 rwxp 00000000 00:00 0 
7cacf000-7dad0000 rwxp 00000000 00:00 0 
7dad0000-80ad0000 rwxp 00000000 00:00 0 
80ad0000-82ca0000 rwxp 00000000 00:00 0 
82ca0000-a2830000 rwxp 00000000 00:00 0 
a2830000-a3910000 rwxp 00000000 00:00 0 
a3910000-b36d0000 rwxp 00000000 00:00 0 
b36d2000-b36db000 rwxp 00000000 00:00 0 
b36db000-b3792000 rwxp 00000000 00:00 0 
b3792000-b39d2000 rwxp 00000000 00:00 0 
b39d2000-b6792000 rwxp 00000000 00:00 0 
b6792000-b679e000 r-xp 00000000 08:03 545194     /lib/libnss_files-2.12.2.so
b679e000-b679f000 r-xp 0000b000 08:03 545194     /lib/libnss_files-2.12.2.so
b679f000-b67a0000 rwxp 0000c000 08:03 545194     /lib/libnss_files-2.12.2.so
b67a0000-b69a0000 r-xp 00000000 08:03 212988     /usr/lib/locale/locale-archive
b69a0000-b69da000 r-xp 00000000 08:03 545296     /opt/jdk1.6.0_32/jre/lib/i386/libjdwp.so
b69da000-b69db000 rwxp 00039000 08:03 545296     /opt/jdk1.6.0_32/jre/lib/i386/libjdwp.so
b69db000-b69fe000 r-xp 00000000 08:03 545259     /opt/jdk1.6.0_32/jre/lib/i386/libjava.so
b69fe000-b6a00000 rwxp 00023000 08:03 545259     /opt/jdk1.6.0_32/jre/lib/i386/libjava.so
b6a00000-b6ac8000 rwxp 00000000 00:00 0 
b6ac8000-b6b00000 ---p 00000000 00:00 0 
b6b01000-b6b05000 r-xp 00000000 08:03 545147     /lib/libnss_sss.so.2
b6b05000-b6b06000 rwxp 00003000 08:03 545147     /lib/libnss_sss.so.2
b6b06000-b6b15000 r-xp 00000000 08:03 545263     /opt/jdk1.6.0_32/jre/lib/i386/libzip.so
b6b15000-b6b17000 rwxp 0000e000 08:03 545263     /opt/jdk1.6.0_32/jre/lib/i386/libzip.so
b6b17000-b6b1f000 rwxs 00000000 08:03 1218386    /tmp/hsperfdata_lamif/4497
b6b1f000-b6b22000 ---p 00000000 00:00 0 
b6b22000-b6b70000 rwxp 00000000 00:00 0 
b6b70000-b7323000 r-xp 00000000 08:03 545246     /opt/jdk1.6.0_32/jre/lib/i386/server/libjvm.so
b7323000-b7377000 rwxp 007b3000 08:03 545246     /opt/jdk1.6.0_32/jre/lib/i386/server/libjvm.so
b7377000-b7797000 rwxp 00000000 00:00 0 
b7797000-b779e000 r-xp 00000000 08:03 545261     /opt/jdk1.6.0_32/jre/lib/i386/jli/libjli.so
b779e000-b77a0000 rwxp 00006000 08:03 545261     /opt/jdk1.6.0_32/jre/lib/i386/jli/libjli.so
b77a3000-b77a6000 r-xp 00000000 08:03 545297     /opt/jdk1.6.0_32/jre/lib/i386/libdt_socket.so
b77a6000-b77a7000 rwxp 00003000 08:03 545297     /opt/jdk1.6.0_32/jre/lib/i386/libdt_socket.so
b77a7000-b77aa000 r-xp 00000000 08:03 545264     /opt/jdk1.6.0_32/jre/lib/i386/libnpt.so
b77aa000-b77ab000 rwxp 00002000 08:03 545264     /opt/jdk1.6.0_32/jre/lib/i386/libnpt.so
b77ab000-b77ac000 rwxp 00000000 00:00 0 
b77ac000-b77ad000 r-xp 00000000 00:00 0 
b77ad000-b77b8000 r-xp 00000000 08:03 545258     /opt/jdk1.6.0_32/jre/lib/i386/libverify.so
b77b8000-b77b9000 rwxp 0000b000 08:03 545258     /opt/jdk1.6.0_32/jre/lib/i386/libverify.so
b77b9000-b77ba000 rwxp 00000000 00:00 0 
b77ba000-b77bb000 r-xp 00000000 00:00 0          [vdso]
bf979000-bf99a000 rwxp 00000000 00:00 0          [stack]

VM Arguments:
jvm_args: -agentlib:jdwp=transport=dt_socket,suspend=y,address=localhost:38760 -Dfile.encoding=UTF-8 
java_command: fr.iutvalence.java.projets.iutdefender.tests.TestPartie
Launcher Type: SUN_STANDARD

Environment Variables:
JAVA_HOME=/opt/java
PATH=/usr/lib/qt-3.3/bin:/opt/python3/bin:/usr/local/soft/sage-5.0.1:/opt/java/bin:/usr/local/soft/android-sdk/tools:/usr/lib/ccache:/usr/local/bin:/usr/bin:/bin:/usr/games:/usr/local/sbin:/usr/sbin:/sbin:.
LD_LIBRARY_PATH=/opt/jdk1.6.0_32/jre/lib/i386/server:/opt/jdk1.6.0_32/jre/lib/i386:/opt/jdk1.6.0_32/jre/../lib/i386:/opt/jdk1.6.0_32/jre/lib/i386/client:/opt/jdk1.6.0_32/jre/lib/i386:
SHELL=/bin/bash
DISPLAY=:0.0

Signal Handlers:
SIGSEGV: [libjvm.so+0x726440], sa_mask[0]=0x7ffbfeff, sa_flags=0x10000004
SIGBUS: [libjvm.so+0x726440], sa_mask[0]=0x7ffbfeff, sa_flags=0x10000004
SIGFPE: [libjvm.so+0x5e0ff0], sa_mask[0]=0x7ffbfeff, sa_flags=0x10000004
SIGPIPE: [libjvm.so+0x5e0ff0], sa_mask[0]=0x7ffbfeff, sa_flags=0x10000004
SIGXFSZ: [libjvm.so+0x5e0ff0], sa_mask[0]=0x7ffbfeff, sa_flags=0x10000004
SIGILL: [libjvm.so+0x5e0ff0], sa_mask[0]=0x7ffbfeff, sa_flags=0x10000004
SIGUSR1: SIG_DFL, sa_mask[0]=0x00000000, sa_flags=0x00000000
SIGUSR2: [libjvm.so+0x5e4250], sa_mask[0]=0x00000004, sa_flags=0x10000004
SIGHUP: [libjvm.so+0x5e3e30], sa_mask[0]=0x7ffbfeff, sa_flags=0x10000004
SIGINT: [libjvm.so+0x5e3e30], sa_mask[0]=0x7ffbfeff, sa_flags=0x10000004
SIGTERM: [libjvm.so+0x5e3e30], sa_mask[0]=0x7ffbfeff, sa_flags=0x10000004
SIGQUIT: [libjvm.so+0x5e3e30], sa_mask[0]=0x7ffbfeff, sa_flags=0x10000004


---------------  S Y S T E M  ---------------

OS:Fedora release 13 (Goddard)

uname:Linux 2.6.34.9-69.fc13.i686 #1 SMP Tue May 3 09:20:30 UTC 2011 i686
libc:glibc 2.12.2 NPTL 2.12.2 
rlimit: STACK 10240k, CORE 0k, NPROC 1024, NOFILE 1024, AS infinity
load average:0,09 0,06 0,06

/proc/meminfo:
MemTotal:        3319612 kB
MemFree:         2136296 kB
Buffers:           16684 kB
Cached:           735832 kB
SwapCached:            0 kB
Active:           546156 kB
Inactive:         583456 kB
Active(anon):     377596 kB
Inactive(anon):    70036 kB
Active(file):     168560 kB
Inactive(file):   513420 kB
Unevictable:           0 kB
Mlocked:               0 kB
HighTotal:       2465832 kB
HighFree:        1341400 kB
LowTotal:         853780 kB
LowFree:          794896 kB
SwapTotal:             0 kB
SwapFree:              0 kB
Dirty:                52 kB
Writeback:             0 kB
AnonPages:        377096 kB
Mapped:            94652 kB
Shmem:             70536 kB
Slab:              26804 kB
SReclaimable:      14064 kB
SUnreclaim:        12740 kB
KernelStack:        2568 kB
PageTables:         5612 kB
NFS_Unstable:          0 kB
Bounce:                0 kB
WritebackTmp:          0 kB
CommitLimit:     1659804 kB
Committed_AS:    1152044 kB
VmallocTotal:     122880 kB
VmallocUsed:       28964 kB
VmallocChunk:      74500 kB
HardwareCorrupted:     0 kB
HugePages_Total:       0
HugePages_Free:        0
HugePages_Rsvd:        0
HugePages_Surp:        0
Hugepagesize:       4096 kB
DirectMap4k:       20472 kB
DirectMap4M:      884736 kB


CPU:total 2 (2 cores per cpu, 1 threads per core) family 6 model 23 stepping 10, cmov, cx8, fxsr, mmx, sse, sse2, sse3, ssse3

/proc/cpuinfo:
processor	: 0
vendor_id	: GenuineIntel
cpu family	: 6
model		: 23
model name	: Pentium(R) Dual-Core  CPU      E5800  @ 3.20GHz
stepping	: 10
cpu MHz		: 3200.000
cache size	: 2048 KB
physical id	: 0
siblings	: 2
core id		: 0
cpu cores	: 2
apicid		: 0
initial apicid	: 0
fdiv_bug	: no
hlt_bug		: no
f00f_bug	: no
coma_bug	: no
fpu		: yes
fpu_exception	: yes
cpuid level	: 13
wp		: yes
flags		: fpu vme de pse tsc msr pae mce cx8 apic mtrr pge mca cmov pat pse36 clflush dts acpi mmx fxsr sse sse2 ss ht tm pbe nx lm constant_tsc arch_perfmon pebs bts aperfmperf pni dtes64 monitor ds_cpl vmx est tm2 ssse3 cx16 xtpr pdcm xsave lahf_lm tpr_shadow vnmi flexpriority
bogomips	: 6383.69
clflush size	: 64
cache_alignment	: 64
address sizes	: 36 bits physical, 48 bits virtual
power management:

processor	: 1
vendor_id	: GenuineIntel
cpu family	: 6
model		: 23
model name	: Pentium(R) Dual-Core  CPU      E5800  @ 3.20GHz
stepping	: 10
cpu MHz		: 3200.000
cache size	: 2048 KB
physical id	: 0
siblings	: 2
core id		: 1
cpu cores	: 2
apicid		: 1
initial apicid	: 1
fdiv_bug	: no
hlt_bug		: no
f00f_bug	: no
coma_bug	: no
fpu		: yes
fpu_exception	: yes
cpuid level	: 13
wp		: yes
flags		: fpu vme de pse tsc msr pae mce cx8 apic mtrr pge mca cmov pat pse36 clflush dts acpi mmx fxsr sse sse2 ss ht tm pbe nx lm constant_tsc arch_perfmon pebs bts aperfmperf pni dtes64 monitor ds_cpl vmx est tm2 ssse3 cx16 xtpr pdcm xsave lahf_lm tpr_shadow vnmi flexpriority
bogomips	: 6383.65
clflush size	: 64
cache_alignment	: 64
address sizes	: 36 bits physical, 48 bits virtual
power management:



Memory: 4k page, physical 3319612k(2136296k free), swap 0k(0k free)

vm_info: Java HotSpot(TM) Server VM (20.7-b02) for linux-x86 JRE (1.6.0_32-b05), built on Apr  5 2012 12:54:54 by "java_re" with gcc 3.2.1-7a (J2SE release)

time: Thu Nov 29 15:20:32 2012
elapsed time: 57 seconds

